
=============== [2017/03/16 01:17:34, net.neoremind.sshxcute.core.SSHExec.<clinit>:80] ====================

[01:17:34] INFO:    SSHExec initializing ...
[01:17:34] INFO:    Session initialized and associated with user credential "7301997"
[01:17:34] INFO:    SSHExec initialized successfully
[01:17:34] INFO:    SSHExec trying to connect "kshitij.cs15"@"172.16.1.3"
[01:17:34] ERROR:   Connect fails with the following exception: com.jcraft.jsch.JSchException: java.net.UnknownHostException: "172.16.1.3"
[01:17:34] ERROR:   session is down
[01:17:34] INFO:    SSH connection shutdown

=============== [2017/03/16 01:19:06, net.neoremind.sshxcute.core.SSHExec.<clinit>:80] ====================

[01:19:06] INFO:    SSHExec initializing ...
[01:19:06] INFO:    Session initialized and associated with user credential "7301997"
[01:19:06] INFO:    SSHExec initialized successfully
[01:19:06] INFO:    SSHExec trying to connect "kshitij.cs15"@"172.16.1.3"
[01:19:07] ERROR:   Connect fails with the following exception: com.jcraft.jsch.JSchException: java.net.UnknownHostException: "172.16.1.3"
[01:19:07] ERROR:   session is down
[01:19:07] INFO:    SSH connection shutdown

=============== [2017/03/16 01:20:29, net.neoremind.sshxcute.core.SSHExec.<clinit>:80] ====================

[01:20:29] INFO:    SSHExec initializing ...
[01:20:29] INFO:    Session initialized and associated with user credential "7301997"
[01:20:29] INFO:    SSHExec initialized successfully
[01:20:29] INFO:    SSHExec trying to connect "kshitij.cs15"@"172.16.1.3"
[01:20:29] ERROR:   Connect fails with the following exception: com.jcraft.jsch.JSchException: java.net.UnknownHostException: "172.16.1.3"
[01:20:29] ERROR:   session is down
[01:20:29] INFO:    SSH connection shutdown

=============== [2017/03/16 01:20:55, net.neoremind.sshxcute.core.SSHExec.<clinit>:80] ====================

[01:20:55] INFO:    SSHExec initializing ...
[01:20:55] INFO:    Session initialized and associated with user credential "7301997"
[01:20:55] INFO:    SSHExec initialized successfully
[01:20:55] INFO:    SSHExec trying to connect "kshitij.cs15"@"172.16.1.3"
[01:20:55] ERROR:   Connect fails with the following exception: com.jcraft.jsch.JSchException: java.net.UnknownHostException: "172.16.1.3"
[01:20:55] ERROR:   session is down
[01:20:55] INFO:    SSH connection shutdown

=============== [2017/03/16 01:21:43, net.neoremind.sshxcute.core.SSHExec.<clinit>:80] ====================

[01:21:43] INFO:    SSHExec initializing ...
[01:21:43] INFO:    Session initialized and associated with user credential 7301997
[01:21:43] INFO:    SSHExec initialized successfully
[01:21:43] INFO:    SSHExec trying to connect kshitij.cs15@172.16.1.3
[01:21:44] INFO:    SSH connection established
[01:21:44] INFO:    Command is ls;cd testdir;ls
[01:21:44] INFO:    Connection channel established succesfully
[01:21:44] INFO:    Start to run command
[01:21:44] INFO:    testdir

[01:21:44] INFO:    aodfpj
g
ji
oer
test1
test1.txt
test2
Test.txt
z

[01:21:44] INFO:    Connection channel closed
[01:21:44] INFO:    Check if exec success or not ... 
[01:21:44] INFO:    Execute successfully for command: ls;cd testdir;ls
[01:21:44] INFO:    Now wait 5 seconds to begin next task ...
[01:21:49] INFO:    Connection channel disconnect
[01:21:49] INFO:    SSH connection shutdown

=============== [2017/03/16 01:38:03, net.neoremind.sshxcute.core.SSHExec.<clinit>:80] ====================

[01:38:03] INFO:    SSHExec initializing ...
[01:38:03] INFO:    Session initialized and associated with user credential 7301997
[01:38:03] INFO:    SSHExec initialized successfully
[01:38:03] INFO:    SSHExec trying to connect kshitij.cs15@172.16.1.3
[01:38:07] INFO:    SSH connection established
[01:38:08] INFO:    Command is ls;cd testdir;ls
[01:38:08] INFO:    Connection channel established succesfully
[01:38:08] INFO:    Start to run command
[01:38:08] INFO:    testdir

[01:38:08] INFO:    aodfpj
g
ji
oer
test1
test1.txt
test2
Test.txt
z

[01:38:08] INFO:    Connection channel closed
[01:38:08] INFO:    Check if exec success or not ... 
[01:38:08] INFO:    Execute successfully for command: ls;cd testdir;ls
[01:38:08] INFO:    Now wait 5 seconds to begin next task ...
[01:38:13] INFO:    Connection channel disconnect
[01:38:13] INFO:    SSH connection shutdown

=============== [2017/03/16 14:31:20, net.neoremind.sshxcute.core.SSHExec.<clinit>:80] ====================

[14:31:20] INFO:    SSHExec initializing ...
[14:31:20] INFO:    Session initialized and associated with user credential 7301997
[14:31:20] INFO:    SSHExec initialized successfully
[14:31:20] INFO:    SSHExec trying to connect kshitij.cs15@172.16.1.3
[14:31:21] INFO:    SSH connection established
[14:31:21] INFO:    Command is ls;cd testdir;ls
[14:31:21] INFO:    Connection channel established succesfully
[14:31:21] INFO:    Start to run command
[14:31:21] INFO:    testdir

[14:31:22] INFO:    aodfpj
BAKCHODI.txt
g
ji
oer
test1
test1.txt
test2
Test.txt
z

[14:31:22] INFO:    Connection channel closed
[14:31:22] INFO:    Check if exec success or not ... 
[14:31:22] INFO:    Execute successfully for command: ls;cd testdir;ls
[14:31:22] INFO:    Now wait 5 seconds to begin next task ...
[14:31:27] INFO:    Connection channel disconnect
[14:31:27] INFO:    SSH connection shutdown
